[debug] [2022-03-31T14:09:14.248Z] ----------------------------------------------------------------------
[debug] [2022-03-31T14:09:14.250Z] Command:       C:\Program Files\nodejs\node.exe C:\Users\russo\AppData\Roaming\npm\node_modules\firebase-tools\lib\bin\firebase.js serve
[debug] [2022-03-31T14:09:14.250Z] CLI Version:   10.5.0
[debug] [2022-03-31T14:09:14.251Z] Platform:      win32
[debug] [2022-03-31T14:09:14.251Z] Node Version:  v16.14.0
[debug] [2022-03-31T14:09:14.254Z] Time:          Thu Mar 31 2022 16:09:14 GMT+0200 (Ora legale dell’Europa centrale)
[debug] [2022-03-31T14:09:14.255Z] ----------------------------------------------------------------------
[debug] 
[debug] [2022-03-31T14:09:14.333Z] > command requires scopes: ["email","openid","https://www.googleapis.com/auth/cloudplatformprojects.readonly","https://www.googleapis.com/auth/firebase","https://www.googleapis.com/auth/cloud-platform"]
[debug] [2022-03-31T14:09:14.334Z] > authorizing via signed-in user (iphone.ale93@gmail.com)
[debug] [2022-03-31T14:09:14.334Z] [iam] checking project case-vacanze-930c3 for permissions ["firebase.projects.get"]
[debug] [2022-03-31T14:09:14.337Z] >>> [apiv2][query] POST https://cloudresourcemanager.googleapis.com/v1/projects/case-vacanze-930c3:testIamPermissions [none]
[debug] [2022-03-31T14:09:14.337Z] >>> [apiv2][body] POST https://cloudresourcemanager.googleapis.com/v1/projects/case-vacanze-930c3:testIamPermissions {"permissions":["firebase.projects.get"]}
[debug] [2022-03-31T14:09:14.612Z] <<< [apiv2][status] POST https://cloudresourcemanager.googleapis.com/v1/projects/case-vacanze-930c3:testIamPermissions 200
[debug] [2022-03-31T14:09:14.612Z] <<< [apiv2][body] POST https://cloudresourcemanager.googleapis.com/v1/projects/case-vacanze-930c3:testIamPermissions {"permissions":["firebase.projects.get"]}
[debug] [2022-03-31T14:09:14.614Z] >>> [apiv2][query] GET https://firebase.googleapis.com/v1beta1/projects/case-vacanze-930c3 [none]
[debug] [2022-03-31T14:09:14.918Z] <<< [apiv2][status] GET https://firebase.googleapis.com/v1beta1/projects/case-vacanze-930c3 200
[debug] [2022-03-31T14:09:14.918Z] <<< [apiv2][body] GET https://firebase.googleapis.com/v1beta1/projects/case-vacanze-930c3 {"projectId":"case-vacanze-930c3","projectNumber":"1092606466367","displayName":"case-vacanze","name":"projects/case-vacanze-930c3","resources":{"hostingSite":"case-vacanze-930c3","storageBucket":"case-vacanze-930c3.appspot.com","locationId":"europe-west"},"state":"ACTIVE"}
[info] 
[info] === Serving from 'C:\Users\russo\OneDrive\Desktop\Project\HouseRentals'...
[info] 
[debug] [2022-03-31T14:09:14.922Z] >>> [apiv2][query] GET https://firebasehosting.googleapis.com/v1beta1/projects/case-vacanze-930c3/sites 
[info] +  functions: Using node@16 from host. {"metadata":{"emulator":{"name":"functions"},"message":"Using node@16 from host."}}
[debug] [2022-03-31T14:09:14.931Z] defaultcredentials: writing to file C:\Users\russo\AppData\Roaming\firebase\iphone_ale93_gmail.com_application_default_credentials.json
[debug] [2022-03-31T14:09:14.933Z] Setting GAC to C:\Users\russo\AppData\Roaming\firebase\iphone_ale93_gmail.com_application_default_credentials.json {"metadata":{"emulator":{"name":"functions"},"message":"Setting GAC to C:\\Users\\russo\\AppData\\Roaming\\firebase\\iphone_ale93_gmail.com_application_default_credentials.json"}}
[debug] [2022-03-31T14:09:14.933Z] >>> [apiv2][query] GET https://firebase.googleapis.com/v1beta1/projects/case-vacanze-930c3/adminSdkConfig [none]
[debug] [2022-03-31T14:09:15.231Z] <<< [apiv2][status] GET https://firebase.googleapis.com/v1beta1/projects/case-vacanze-930c3/adminSdkConfig 200
[debug] [2022-03-31T14:09:15.231Z] <<< [apiv2][body] GET https://firebase.googleapis.com/v1beta1/projects/case-vacanze-930c3/adminSdkConfig {"projectId":"case-vacanze-930c3","storageBucket":"case-vacanze-930c3.appspot.com","locationId":"europe-west"}
[debug] [2022-03-31T14:09:15.922Z] <<< [apiv2][status] GET https://firebasehosting.googleapis.com/v1beta1/projects/case-vacanze-930c3/sites 200
[debug] [2022-03-31T14:09:15.923Z] <<< [apiv2][body] GET https://firebasehosting.googleapis.com/v1beta1/projects/case-vacanze-930c3/sites {"sites":[{"name":"projects/1092606466367/sites/case-vacanze-930c3","defaultUrl":"https://case-vacanze-930c3.web.app","type":"DEFAULT_SITE"}]}
[debug] [2022-03-31T14:09:15.923Z] >>> [apiv2][query] GET https://firebase.googleapis.com/v1beta1/projects/case-vacanze-930c3/webApps/-/config [none]
[debug] [2022-03-31T14:09:16.717Z] <<< [apiv2][status] GET https://firebase.googleapis.com/v1beta1/projects/case-vacanze-930c3/webApps/-/config 200
[debug] [2022-03-31T14:09:16.717Z] <<< [apiv2][body] GET https://firebase.googleapis.com/v1beta1/projects/case-vacanze-930c3/webApps/-/config {"projectId":"case-vacanze-930c3","appId":"1:1092606466367:web:a12ef5a1ef065eaa989b8a","storageBucket":"case-vacanze-930c3.appspot.com","locationId":"europe-west","apiKey":"AIzaSyBMviv8PftstJXlvre6h3lZxVCwsgBYQDk","authDomain":"case-vacanze-930c3.firebaseapp.com","messagingSenderId":"1092606466367","measurementId":"G-68081LJS91"}
[info] i  functions: Watching "C:\Users\russo\OneDrive\Desktop\Project\HouseRentals\functions" for Cloud Functions... {"metadata":{"emulator":{"name":"functions"},"message":"Watching \"C:\\Users\\russo\\OneDrive\\Desktop\\Project\\HouseRentals\\functions\" for Cloud Functions..."}}
[info] i  hosting: Serving hosting files from: build {"metadata":{"emulator":{"name":"hosting"},"message":"Serving hosting files from: \u001b[1mbuild\u001b[22m"}}
[info] +  hosting: Local server: http://localhost:5000 {"metadata":{"emulator":{"name":"hosting"},"message":"Local server: \u001b[4m\u001b[1mhttp://localhost:5000\u001b[22m\u001b[24m"}}
[debug] [2022-03-31T14:09:16.749Z] Validating nodejs source
[debug] [2022-03-31T14:09:18.476Z] checkFunctionsSDKVersion encountered error:Invalid Version:  {}
[debug] [2022-03-31T14:09:18.478Z] > [functions] package.json contents: {
  "name": "functions",
  "description": "Cloud Functions for Firebase",
  "scripts": {
    "serve": "firebase emulators:start --only functions",
    "shell": "firebase functions:shell",
    "start": "npm run shell",
    "deploy": "firebase deploy --only functions",
    "logs": "firebase functions:log"
  },
  "engines": {
    "node": "16"
  },
  "main": "index.js",
  "dependencies": {
    "firebase-admin": "^10.0.2",
    "firebase-functions": "^3.18.0"
  },
  "devDependencies": {
    "firebase-functions-test": "^0.2.0"
  },
  "private": true
}
[debug] [2022-03-31T14:09:18.478Z] Building nodejs source
[debug] [2022-03-31T14:09:18.478Z] Analyzing nodejs backend spec
[info] +  functions[us-central1-api]: http function initialized (http://localhost:5001/case-vacanze-930c3/us-central1/api). {"metadata":{"emulator":{"name":"functions"},"message":"\u001b[1mhttp\u001b[22m function initialized (http://localhost:5001/case-vacanze-930c3/us-central1/api)."}}
[debug] [2022-03-31T14:09:57.067Z] [work-queue] {"queueLength":1,"workRunningCount":0}
[debug] [2022-03-31T14:09:57.068Z] [work-queue] {"queueLength":0,"workRunningCount":1}
[debug] [2022-03-31T14:09:57.068Z] Accepted request GET /case-vacanze-930c3/us-central1/api --> us-central1-api
[debug] [2022-03-31T14:09:57.086Z] [worker-pool] addWorker(us-central1-api) {"metadata":{"emulator":{"name":"functions"},"message":"[worker-pool] addWorker(us-central1-api)"}}
[debug] [2022-03-31T14:09:57.086Z] [worker-pool] Adding worker with key us-central1-api, total=1 {"metadata":{"emulator":{"name":"functions"},"message":"[worker-pool] Adding worker with key us-central1-api, total=1"}}
[debug] [2022-03-31T14:09:57.087Z] [worker-pool] submitWork(triggerId=us-central1-api) {"metadata":{"emulator":{"name":"functions"},"message":"[worker-pool] submitWork(triggerId=us-central1-api)"}}
[debug] [2022-03-31T14:09:57.087Z] [worker-us-central1-api-0ac957cf-017a-41e1-ad4b-c7cb60f22796]: Assigning socketPath: \\?\pipe\C:\Users\russo\OneDrive\Desktop\Project\HouseRentals\functions\13072 {"metadata":{"emulator":{"name":"functions"},"message":"[worker-us-central1-api-0ac957cf-017a-41e1-ad4b-c7cb60f22796]: Assigning socketPath: \\\\?\\pipe\\C:\\Users\\russo\\OneDrive\\Desktop\\Project\\HouseRentals\\functions\\13072"}}
[debug] [2022-03-31T14:09:57.088Z] [worker-us-central1-api-0ac957cf-017a-41e1-ad4b-c7cb60f22796]: BUSY {"metadata":{"emulator":{"name":"functions"},"message":"[worker-us-central1-api-0ac957cf-017a-41e1-ad4b-c7cb60f22796]: BUSY"}}
[debug] [2022-03-31T14:09:59.848Z] [runtime-status] [13072] Functions runtime initialized. {"cwd":"C:\\Users\\russo\\OneDrive\\Desktop\\Project\\HouseRentals\\functions","node_version":"16.14.0"} {"metadata":{"emulator":{"name":"functions"},"function":{"name":"us-central1-api"},"extension":{},"message":"[runtime-status] [13072] Functions runtime initialized. {\"cwd\":\"C:\\\\Users\\\\russo\\\\OneDrive\\\\Desktop\\\\Project\\\\HouseRentals\\\\functions\",\"node_version\":\"16.14.0\"}"}}
[debug] [2022-03-31T14:09:59.850Z] [runtime-status] [13072] Disabled runtime features: undefined {"metadata":{"emulator":{"name":"functions"},"function":{"name":"us-central1-api"},"extension":{},"message":"[runtime-status] [13072] Disabled runtime features: undefined"}}
[debug] [2022-03-31T14:09:59.857Z] [runtime-status] [13072] Resolved module firebase-admin {"declared":true,"installed":true,"version":"8.13.0","resolution":"C:\\Users\\russo\\OneDrive\\Desktop\\Project\\HouseRentals\\node_modules\\firebase-admin\\lib\\index.js"} {"metadata":{"emulator":{"name":"functions"},"function":{"name":"us-central1-api"},"extension":{},"message":"[runtime-status] [13072] Resolved module firebase-admin {\"declared\":true,\"installed\":true,\"version\":\"8.13.0\",\"resolution\":\"C:\\\\Users\\\\russo\\\\OneDrive\\\\Desktop\\\\Project\\\\HouseRentals\\\\node_modules\\\\firebase-admin\\\\lib\\\\index.js\"}"}}
[debug] [2022-03-31T14:09:59.860Z] [runtime-status] [13072] Resolved module firebase-functions {"declared":true,"installed":true,"version":"3.19.0","resolution":"C:\\Users\\russo\\OneDrive\\Desktop\\Project\\HouseRentals\\node_modules\\firebase-functions\\lib\\index.js"} {"metadata":{"emulator":{"name":"functions"},"function":{"name":"us-central1-api"},"extension":{},"message":"[runtime-status] [13072] Resolved module firebase-functions {\"declared\":true,\"installed\":true,\"version\":\"3.19.0\",\"resolution\":\"C:\\\\Users\\\\russo\\\\OneDrive\\\\Desktop\\\\Project\\\\HouseRentals\\\\node_modules\\\\firebase-functions\\\\lib\\\\index.js\"}"}}
[debug] [2022-03-31T14:09:59.861Z] [runtime-status] [13072] Outgoing network have been stubbed. [{"name":"http","status":"mocked"},{"name":"http","status":"mocked"},{"name":"https","status":"mocked"},{"name":"https","status":"mocked"},{"name":"net","status":"mocked"}] {"metadata":{"emulator":{"name":"functions"},"function":{"name":"us-central1-api"},"extension":{},"message":"[runtime-status] [13072] Outgoing network have been stubbed. [{\"name\":\"http\",\"status\":\"mocked\"},{\"name\":\"http\",\"status\":\"mocked\"},{\"name\":\"https\",\"status\":\"mocked\"},{\"name\":\"https\",\"status\":\"mocked\"},{\"name\":\"net\",\"status\":\"mocked\"}]"}}
[debug] [2022-03-31T14:09:59.863Z] [runtime-status] [13072] Resolved module firebase-functions {"declared":true,"installed":true,"version":"3.19.0","resolution":"C:\\Users\\russo\\OneDrive\\Desktop\\Project\\HouseRentals\\node_modules\\firebase-functions\\lib\\index.js"} {"metadata":{"emulator":{"name":"functions"},"function":{"name":"us-central1-api"},"extension":{},"message":"[runtime-status] [13072] Resolved module firebase-functions {\"declared\":true,\"installed\":true,\"version\":\"3.19.0\",\"resolution\":\"C:\\\\Users\\\\russo\\\\OneDrive\\\\Desktop\\\\Project\\\\HouseRentals\\\\node_modules\\\\firebase-functions\\\\lib\\\\index.js\"}"}}
[debug] [2022-03-31T14:09:59.956Z] [runtime-status] [13072] Checked functions.config() {"config":{}} {"metadata":{"emulator":{"name":"functions"},"function":{"name":"us-central1-api"},"extension":{},"message":"[runtime-status] [13072] Checked functions.config() {\"config\":{}}"}}
[debug] [2022-03-31T14:09:59.956Z] [runtime-status] [13072] firebase-functions has been stubbed. {"functionsResolution":{"declared":true,"installed":true,"version":"3.19.0","resolution":"C:\\Users\\russo\\OneDrive\\Desktop\\Project\\HouseRentals\\node_modules\\firebase-functions\\lib\\index.js"}} {"metadata":{"emulator":{"name":"functions"},"function":{"name":"us-central1-api"},"extension":{},"message":"[runtime-status] [13072] firebase-functions has been stubbed. {\"functionsResolution\":{\"declared\":true,\"installed\":true,\"version\":\"3.19.0\",\"resolution\":\"C:\\\\Users\\\\russo\\\\OneDrive\\\\Desktop\\\\Project\\\\HouseRentals\\\\node_modules\\\\firebase-functions\\\\lib\\\\index.js\"}}"}}
[debug] [2022-03-31T14:09:59.958Z] [runtime-status] [13072] Resolved module firebase-functions {"declared":true,"installed":true,"version":"3.19.0","resolution":"C:\\Users\\russo\\OneDrive\\Desktop\\Project\\HouseRentals\\node_modules\\firebase-functions\\lib\\index.js"} {"metadata":{"emulator":{"name":"functions"},"function":{"name":"us-central1-api"},"extension":{},"message":"[runtime-status] [13072] Resolved module firebase-functions {\"declared\":true,\"installed\":true,\"version\":\"3.19.0\",\"resolution\":\"C:\\\\Users\\\\russo\\\\OneDrive\\\\Desktop\\\\Project\\\\HouseRentals\\\\node_modules\\\\firebase-functions\\\\lib\\\\index.js\"}"}}
[debug] [2022-03-31T14:09:59.960Z] [runtime-status] [13072] Resolved module firebase-admin {"declared":true,"installed":true,"version":"8.13.0","resolution":"C:\\Users\\russo\\OneDrive\\Desktop\\Project\\HouseRentals\\node_modules\\firebase-admin\\lib\\index.js"} {"metadata":{"emulator":{"name":"functions"},"function":{"name":"us-central1-api"},"extension":{},"message":"[runtime-status] [13072] Resolved module firebase-admin {\"declared\":true,\"installed\":true,\"version\":\"8.13.0\",\"resolution\":\"C:\\\\Users\\\\russo\\\\OneDrive\\\\Desktop\\\\Project\\\\HouseRentals\\\\node_modules\\\\firebase-admin\\\\lib\\\\index.js\"}"}}
[debug] [2022-03-31T14:09:59.962Z] [runtime-status] [13072] Resolved module firebase-functions {"declared":true,"installed":true,"version":"3.19.0","resolution":"C:\\Users\\russo\\OneDrive\\Desktop\\Project\\HouseRentals\\node_modules\\firebase-functions\\lib\\index.js"} {"metadata":{"emulator":{"name":"functions"},"function":{"name":"us-central1-api"},"extension":{},"message":"[runtime-status] [13072] Resolved module firebase-functions {\"declared\":true,\"installed\":true,\"version\":\"3.19.0\",\"resolution\":\"C:\\\\Users\\\\russo\\\\OneDrive\\\\Desktop\\\\Project\\\\HouseRentals\\\\node_modules\\\\firebase-functions\\\\lib\\\\index.js\"}"}}
[debug] [2022-03-31T14:09:59.963Z] [runtime-status] [13072] firebase-admin has been stubbed. {"adminResolution":{"declared":true,"installed":true,"version":"8.13.0","resolution":"C:\\Users\\russo\\OneDrive\\Desktop\\Project\\HouseRentals\\node_modules\\firebase-admin\\lib\\index.js"}} {"metadata":{"emulator":{"name":"functions"},"function":{"name":"us-central1-api"},"extension":{},"message":"[runtime-status] [13072] firebase-admin has been stubbed. {\"adminResolution\":{\"declared\":true,\"installed\":true,\"version\":\"8.13.0\",\"resolution\":\"C:\\\\Users\\\\russo\\\\OneDrive\\\\Desktop\\\\Project\\\\HouseRentals\\\\node_modules\\\\firebase-admin\\\\lib\\\\index.js\"}}"}}
[debug] [2022-03-31T14:10:00.241Z] [runtime-status] [13072] initializeApp(DEFAULT) {"storageBucket":"case-vacanze-930c3.appspot.com","projectId":"case-vacanze-930c3"} {"metadata":{"emulator":{"name":"functions"},"function":{"name":"us-central1-api"},"extension":{},"message":"[runtime-status] [13072] initializeApp(DEFAULT) {\"storageBucket\":\"case-vacanze-930c3.appspot.com\",\"projectId\":\"case-vacanze-930c3\"}"}}
[warn] !  functions: The Cloud Firestore emulator is not running, so calls to Firestore will affect production. {"metadata":{"emulator":{"name":"functions"},"function":{"name":"us-central1-api"},"extension":{},"message":"The Cloud Firestore emulator is not running, so calls to Firestore will affect production."}}
[debug] [2022-03-31T14:10:00.948Z] [runtime-status] [13072] Beginning invocation function api! {"metadata":{"emulator":{"name":"functions"},"function":{"name":"us-central1-api"},"extension":{},"message":"[runtime-status] [13072] Beginning invocation function api!"}}
[info] i  functions: Beginning execution of "api" {"metadata":{"emulator":{"name":"functions"},"function":{"name":"us-central1-api"},"extension":{},"message":"Beginning execution of \"api\""}}
[debug] [2022-03-31T14:10:00.949Z] [runtime-status] [13072] Running api in signature http {"metadata":{"emulator":{"name":"functions"},"function":{"name":"us-central1-api"},"extension":{},"message":"[runtime-status] [13072] Running api in signature http"}}
[debug] [2022-03-31T14:10:00.954Z] [runtime-status] [13072] Attempting to listen to socketPath: \\?\pipe\C:\Users\russo\OneDrive\Desktop\Project\HouseRentals\functions\13072 {"metadata":{"emulator":{"name":"functions"},"function":{"name":"us-central1-api"},"extension":{},"message":"[runtime-status] [13072] Attempting to listen to socketPath: \\\\?\\pipe\\C:\\Users\\russo\\OneDrive\\Desktop\\Project\\HouseRentals\\functions\\13072"}}
[debug] [2022-03-31T14:10:00.957Z] [functions] Runtime ready! Sending request! {"metadata":{"emulator":{"name":"functions"},"message":"[functions] Runtime ready! Sending request!"}}
[debug] [2022-03-31T14:10:00.958Z] [functions] Got req.url=/case-vacanze-930c3/us-central1/api, mapping to path=/ {"metadata":{"emulator":{"name":"functions"},"message":"[functions] Got req.url=/case-vacanze-930c3/us-central1/api, mapping to path=/"}}
[debug] [2022-03-31T14:10:00.972Z] [runtime-status] [13072] Ephemeral server handling GET request {"metadata":{"emulator":{"name":"functions"},"function":{"name":"us-central1-api"},"extension":{},"message":"[runtime-status] [13072] Ephemeral server handling GET request"}}
[debug] [2022-03-31T14:10:00.986Z] [runtime-status] [13072] Ephemeral server survived. {"metadata":{"emulator":{"name":"functions"},"function":{"name":"us-central1-api"},"extension":{},"message":"[runtime-status] [13072] Ephemeral server survived."}}
[info] i  functions: Finished "api" in ~1s {"metadata":{"emulator":{"name":"functions"},"function":{"name":"us-central1-api"},"extension":{},"message":"Finished \"api\" in ~1s"}}
[debug] [2022-03-31T14:10:00.994Z] [worker-us-central1-api-0ac957cf-017a-41e1-ad4b-c7cb60f22796]: IDLE {"metadata":{"emulator":{"name":"functions"},"message":"[worker-us-central1-api-0ac957cf-017a-41e1-ad4b-c7cb60f22796]: IDLE"}}
[debug] [2022-03-31T14:10:00.995Z] [work-queue] {"queueLength":0,"workRunningCount":0}
[info] i  hosting: 127.0.0.1 - - [31/Mar/2022:14:10:07 +0000] "GET / HTTP/1.1" 200 644 "-" "Mozilla/5.0 (Windows NT 10.0; Win64; x64) AppleWebKit/537.36 (KHTML, like Gecko) Chrome/99.0.4844.74 Safari/537.36 Edg/99.0.1150.55" {"metadata":{"emulator":{"name":"hosting"},"message":"127.0.0.1 - - [31/Mar/2022:14:10:07 +0000] \"GET / HTTP/1.1\" 200 644 \"-\" \"Mozilla/5.0 (Windows NT 10.0; Win64; x64) AppleWebKit/537.36 (KHTML, like Gecko) Chrome/99.0.4844.74 Safari/537.36 Edg/99.0.1150.55\""}}
[info] i  hosting: 127.0.0.1 - - [31/Mar/2022:14:10:07 +0000] "GET /static/js/main.fb5223d8.js HTTP/1.1" 200 310467 "http://localhost:5000/" "Mozilla/5.0 (Windows NT 10.0; Win64; x64) AppleWebKit/537.36 (KHTML, like Gecko) Chrome/99.0.4844.74 Safari/537.36 Edg/99.0.1150.55" {"metadata":{"emulator":{"name":"hosting"},"message":"127.0.0.1 - - [31/Mar/2022:14:10:07 +0000] \"GET /static/js/main.fb5223d8.js HTTP/1.1\" 200 310467 \"http://localhost:5000/\" \"Mozilla/5.0 (Windows NT 10.0; Win64; x64) AppleWebKit/537.36 (KHTML, like Gecko) Chrome/99.0.4844.74 Safari/537.36 Edg/99.0.1150.55\""}}
[info] i  hosting: 127.0.0.1 - - [31/Mar/2022:14:10:07 +0000] "GET /static/css/main.145f13c6.css HTTP/1.1" 200 775 "http://localhost:5000/" "Mozilla/5.0 (Windows NT 10.0; Win64; x64) AppleWebKit/537.36 (KHTML, like Gecko) Chrome/99.0.4844.74 Safari/537.36 Edg/99.0.1150.55" {"metadata":{"emulator":{"name":"hosting"},"message":"127.0.0.1 - - [31/Mar/2022:14:10:07 +0000] \"GET /static/css/main.145f13c6.css HTTP/1.1\" 200 775 \"http://localhost:5000/\" \"Mozilla/5.0 (Windows NT 10.0; Win64; x64) AppleWebKit/537.36 (KHTML, like Gecko) Chrome/99.0.4844.74 Safari/537.36 Edg/99.0.1150.55\""}}
[info] i  hosting: 127.0.0.1 - - [31/Mar/2022:14:10:08 +0000] "GET /favicon.ico HTTP/1.1" 200 3870 "http://localhost:5000/" "Mozilla/5.0 (Windows NT 10.0; Win64; x64) AppleWebKit/537.36 (KHTML, like Gecko) Chrome/99.0.4844.74 Safari/537.36 Edg/99.0.1150.55" {"metadata":{"emulator":{"name":"hosting"},"message":"127.0.0.1 - - [31/Mar/2022:14:10:08 +0000] \"GET /favicon.ico HTTP/1.1\" 200 3870 \"http://localhost:5000/\" \"Mozilla/5.0 (Windows NT 10.0; Win64; x64) AppleWebKit/537.36 (KHTML, like Gecko) Chrome/99.0.4844.74 Safari/537.36 Edg/99.0.1150.55\""}}
[info] i  hosting: 127.0.0.1 - - [31/Mar/2022:14:10:08 +0000] "GET /manifest.json HTTP/1.1" 200 517 "http://localhost:5000/" "Mozilla/5.0 (Windows NT 10.0; Win64; x64) AppleWebKit/537.36 (KHTML, like Gecko) Chrome/99.0.4844.74 Safari/537.36 Edg/99.0.1150.55" {"metadata":{"emulator":{"name":"hosting"},"message":"127.0.0.1 - - [31/Mar/2022:14:10:08 +0000] \"GET /manifest.json HTTP/1.1\" 200 517 \"http://localhost:5000/\" \"Mozilla/5.0 (Windows NT 10.0; Win64; x64) AppleWebKit/537.36 (KHTML, like Gecko) Chrome/99.0.4844.74 Safari/537.36 Edg/99.0.1150.55\""}}
[info] i  hosting: 127.0.0.1 - - [31/Mar/2022:14:10:08 +0000] "GET /logo192.png HTTP/1.1" 200 5347 "http://localhost:5000/" "Mozilla/5.0 (Windows NT 10.0; Win64; x64) AppleWebKit/537.36 (KHTML, like Gecko) Chrome/99.0.4844.74 Safari/537.36 Edg/99.0.1150.55" {"metadata":{"emulator":{"name":"hosting"},"message":"127.0.0.1 - - [31/Mar/2022:14:10:08 +0000] \"GET /logo192.png HTTP/1.1\" 200 5347 \"http://localhost:5000/\" \"Mozilla/5.0 (Windows NT 10.0; Win64; x64) AppleWebKit/537.36 (KHTML, like Gecko) Chrome/99.0.4844.74 Safari/537.36 Edg/99.0.1150.55\""}}
[info] i  hosting: 127.0.0.1 - - [31/Mar/2022:14:10:51 +0000] "GET / HTTP/1.1" 200 644 "-" "Mozilla/5.0 (Windows NT 10.0; Win64; x64) AppleWebKit/537.36 (KHTML, like Gecko) Chrome/99.0.4844.74 Safari/537.36 Edg/99.0.1150.55" {"metadata":{"emulator":{"name":"hosting"},"message":"127.0.0.1 - - [31/Mar/2022:14:10:51 +0000] \"GET / HTTP/1.1\" 200 644 \"-\" \"Mozilla/5.0 (Windows NT 10.0; Win64; x64) AppleWebKit/537.36 (KHTML, like Gecko) Chrome/99.0.4844.74 Safari/537.36 Edg/99.0.1150.55\""}}
[info] i  hosting: 127.0.0.1 - - [31/Mar/2022:14:10:52 +0000] "GET /static/js/main.fb5223d8.js HTTP/1.1" 200 310467 "http://localhost:5000/" "Mozilla/5.0 (Windows NT 10.0; Win64; x64) AppleWebKit/537.36 (KHTML, like Gecko) Chrome/99.0.4844.74 Safari/537.36 Edg/99.0.1150.55" {"metadata":{"emulator":{"name":"hosting"},"message":"127.0.0.1 - - [31/Mar/2022:14:10:52 +0000] \"GET /static/js/main.fb5223d8.js HTTP/1.1\" 200 310467 \"http://localhost:5000/\" \"Mozilla/5.0 (Windows NT 10.0; Win64; x64) AppleWebKit/537.36 (KHTML, like Gecko) Chrome/99.0.4844.74 Safari/537.36 Edg/99.0.1150.55\""}}
[info] i  hosting: 127.0.0.1 - - [31/Mar/2022:14:10:52 +0000] "GET /static/css/main.145f13c6.css HTTP/1.1" 200 775 "http://localhost:5000/" "Mozilla/5.0 (Windows NT 10.0; Win64; x64) AppleWebKit/537.36 (KHTML, like Gecko) Chrome/99.0.4844.74 Safari/537.36 Edg/99.0.1150.55" {"metadata":{"emulator":{"name":"hosting"},"message":"127.0.0.1 - - [31/Mar/2022:14:10:52 +0000] \"GET /static/css/main.145f13c6.css HTTP/1.1\" 200 775 \"http://localhost:5000/\" \"Mozilla/5.0 (Windows NT 10.0; Win64; x64) AppleWebKit/537.36 (KHTML, like Gecko) Chrome/99.0.4844.74 Safari/537.36 Edg/99.0.1150.55\""}}
